[2022-08-07T19:41:27.472170+03:00] MonologLogger.DEBUG: started INDEX.PHP [] []
[2022-08-07T19:41:27.481428+03:00] MonologLogger.DEBUG:  actionShowUserForm [] []
[2022-08-07T19:52:24.327548+03:00] MonologLogger.DEBUG: started INDEX.PHP [] []
[2022-08-07T19:52:24.336088+03:00] MonologLogger.DEBUG:  actionShowUserForm [] []
[2022-08-07T19:52:25.190719+03:00] MonologLogger.DEBUG: started INDEX.PHP [] []
[2022-08-07T19:52:42.587829+03:00] MonologLogger.DEBUG: started INDEX.PHP [] []
[2022-08-07T19:52:45.051682+03:00] MonologLogger.DEBUG: EMail sent , antons.zn@gmail.com [] []
[2022-08-07T19:52:45.052013+03:00] MonologLogger.DEBUG: Order saved , 182 [] []
[2022-08-07T19:52:45.071811+03:00] MonologLogger.DEBUG: started INDEX.PHP [] []
[2022-08-07T20:12:17.262226+03:00] MonologLogger.DEBUG: started INDEX.PHP [] []
[2022-08-07T20:12:19.510473+03:00] MonologLogger.DEBUG: started INDEX.PHP [] []
[2022-08-07T20:12:19.521338+03:00] MonologLogger.DEBUG:  actionShowUserForm [] []
[2022-08-08T17:39:16.701102+03:00] MonologLogger.DEBUG: started INDEX.PHP [] []
[2022-08-08T17:39:17.012061+03:00] MonologLogger.DEBUG: started INDEX.PHP [] []
[2022-08-08T17:39:21.466982+03:00] MonologLogger.DEBUG: started INDEX.PHP [] []
[2022-08-08T17:39:21.474169+03:00] MonologLogger.DEBUG:  actionShowUserForm [] []
[2022-08-08T17:39:25.602543+03:00] MonologLogger.DEBUG: started INDEX.PHP [] []
[2022-08-08T17:43:29.237856+03:00] MonologLogger.DEBUG: started INDEX.PHP [] []
[2022-08-08T17:43:29.294931+03:00] MonologLogger.DEBUG: actionAddNewUser new user AINikulin@sarmontgroup.com added to DB [] []
[2022-08-08T17:43:34.415147+03:00] MonologLogger.DEBUG: started INDEX.PHP [] []
[2022-08-08T17:43:34.423576+03:00] MonologLogger.DEBUG:  actionShowUserForm [] []
[2022-08-08T17:43:44.858698+03:00] MonologLogger.DEBUG: started INDEX.PHP [] []
[2022-08-08T17:43:44.865049+03:00] MonologLogger.DEBUG: actionCheckLogin user Array saves to Session  [] []
[2022-08-08T17:43:46.740318+03:00] MonologLogger.DEBUG: started INDEX.PHP [] []
[2022-08-08T17:43:46.750445+03:00] MonologLogger.DEBUG:  actionShowUserForm [] []
[2022-08-08T17:43:53.369318+03:00] MonologLogger.DEBUG: started INDEX.PHP [] []
[2022-08-08T17:43:53.511066+03:00] MonologLogger.DEBUG: started INDEX.PHP [] []
[2022-08-08T17:43:57.305580+03:00] MonologLogger.DEBUG: started INDEX.PHP [] []
[2022-08-08T17:43:57.413632+03:00] MonologLogger.DEBUG: started INDEX.PHP [] []
[2022-08-08T17:43:59.295485+03:00] MonologLogger.DEBUG: started INDEX.PHP [] []
[2022-08-08T17:43:59.444674+03:00] MonologLogger.DEBUG: started INDEX.PHP [] []
[2022-08-08T17:44:07.376290+03:00] MonologLogger.DEBUG: started INDEX.PHP [] []
[2022-08-08T17:44:41.709704+03:00] MonologLogger.DEBUG: started INDEX.PHP [] []
[2022-08-08T17:44:43.558007+03:00] MonologLogger.DEBUG: EMail sent , AINikulin@sarmontgroup.com [] []
[2022-08-08T17:44:43.558459+03:00] MonologLogger.DEBUG: Order saved , 183 [] []
[2022-08-08T17:44:43.593499+03:00] MonologLogger.DEBUG: started INDEX.PHP [] []
[2022-08-08T17:44:49.296064+03:00] MonologLogger.DEBUG: started INDEX.PHP [] []
[2022-08-08T17:44:49.303344+03:00] MonologLogger.DEBUG:  actionShowUserForm [] []
[2022-08-08T19:26:55.921469+03:00] MonologLogger.DEBUG: started INDEX.PHP [] []
[2022-08-08T19:26:55.973412+03:00] MonologLogger.DEBUG: actionCheckLogin user Array saves to Session  [] []
[2022-08-08T19:26:59.529991+03:00] MonologLogger.DEBUG: started INDEX.PHP [] []
[2022-08-08T19:26:59.531779+03:00] MonologLogger.DEBUG:  actionShowUserForm [] []
[2022-08-08T19:27:04.394749+03:00] MonologLogger.DEBUG: started INDEX.PHP [] []
[2022-08-08T19:27:04.397481+03:00] MonologLogger.DEBUG: actionCheckLogin user Array saves to Session  [] []
[2022-08-08T19:27:55.694491+03:00] MonologLogger.DEBUG: started INDEX.PHP [] []
[2022-08-08T19:27:55.696742+03:00] MonologLogger.DEBUG:  actionShowUserForm [] []
[2022-08-08T19:28:02.255170+03:00] MonologLogger.DEBUG: started INDEX.PHP [] []
[2022-08-08T19:28:02.257725+03:00] MonologLogger.DEBUG: actionCheckLogin user Array saves to Session  [] []
[2022-08-08T19:29:17.138590+03:00] MonologLogger.DEBUG: started INDEX.PHP [] []
[2022-08-08T19:29:24.838398+03:00] MonologLogger.DEBUG: started INDEX.PHP [] []
[2022-08-08T19:29:24.987043+03:00] MonologLogger.DEBUG: started INDEX.PHP [] []
[2022-08-08T19:29:35.428504+03:00] MonologLogger.DEBUG: started INDEX.PHP [] []
[2022-08-08T19:29:35.435272+03:00] MonologLogger.DEBUG: actionCheckLogin user antons.zn@gmail.com saves to Session  [] []
[2022-08-08T19:29:40.507876+03:00] MonologLogger.DEBUG: started INDEX.PHP [] []
[2022-08-08T19:29:40.509183+03:00] MonologLogger.DEBUG:  actionShowUserForm [] []
[2022-08-08T21:29:26.983699+03:00] MonologLogger.DEBUG: started INDEX.PHP [] []
[2022-08-08T21:29:27.153612+03:00] MonologLogger.DEBUG: started INDEX.PHP [] []
[2022-08-08T21:29:37.144151+03:00] MonologLogger.DEBUG: started INDEX.PHP [] []
[2022-08-09T09:11:46.712394+03:00] MonologLogger.DEBUG: started INDEX.PHP [] []
[2022-08-09T09:11:47.041426+03:00] MonologLogger.DEBUG: started INDEX.PHP [] []
[2022-08-09T09:11:47.082219+03:00] MonologLogger.DEBUG: started INDEX.PHP [] []
[2022-08-09T09:30:11.261291+03:00] MonologLogger.DEBUG: started INDEX.PHP [] []
[2022-08-09T09:30:28.575936+03:00] MonologLogger.DEBUG: started INDEX.PHP [] []
[2022-08-09T10:17:41.710051+03:00] MonologLogger.DEBUG: started INDEX.PHP [] []
[2022-08-09T10:17:41.714209+03:00] MonologLogger.DEBUG: actionCheckLogin user antons.zn@gmail.com saves to Session  [] []
[2022-08-09T10:17:43.601565+03:00] MonologLogger.DEBUG: started INDEX.PHP [] []
[2022-08-09T10:18:04.800251+03:00] MonologLogger.DEBUG: started INDEX.PHP [] []
[2022-08-09T10:18:06.881384+03:00] MonologLogger.DEBUG: EMail sent , antons.zn@gmail.com [] []
[2022-08-09T10:18:06.881668+03:00] MonologLogger.DEBUG: Order saved , 184 [] []
[2022-08-09T10:18:06.906932+03:00] MonologLogger.DEBUG: started INDEX.PHP [] []
[2022-08-09T10:18:13.182837+03:00] MonologLogger.DEBUG: started INDEX.PHP [] []
[2022-08-09T10:20:18.482925+03:00] MonologLogger.DEBUG: started INDEX.PHP [] []
[2022-08-09T10:20:22.112008+03:00] MonologLogger.DEBUG: started INDEX.PHP [] []
[2022-08-09T10:20:36.272880+03:00] MonologLogger.DEBUG: started INDEX.PHP [] []
[2022-08-09T10:20:36.285195+03:00] MonologLogger.DEBUG: actionAddNewUser new user antons.zn@gmail.com1121212 added to DB [] []
[2022-08-09T10:20:39.068788+03:00] MonologLogger.DEBUG: started INDEX.PHP [] []
[2022-08-09T10:21:09.315368+03:00] MonologLogger.DEBUG: started INDEX.PHP [] []
[2022-08-09T10:21:15.503730+03:00] MonologLogger.DEBUG: started INDEX.PHP [] []
[2022-08-09T10:21:47.613595+03:00] MonologLogger.DEBUG: started INDEX.PHP [] []
[2022-08-09T10:21:49.049100+03:00] MonologLogger.DEBUG: EMail sent , antons.zn@gmail.com [] []
[2022-08-09T10:21:49.049482+03:00] MonologLogger.DEBUG: Order saved , 187 [] []
[2022-08-09T10:21:49.082959+03:00] MonologLogger.DEBUG: started INDEX.PHP [] []
[2022-08-09T10:31:18.643041+03:00] MonologLogger.DEBUG: started INDEX.PHP [] []
