1=====
Level: INFO
Message: start index.php
Context: 

2022-07-26 10:54:41
=====

=====
Level: INFO
Message: start index.php
Context: 

2022-07-26 10:55:01
=====

=====
Level: INFO
Message: start index.php
Context: 

2022-07-28 03:21:09
=====

=====
Level: INFO
Message: start index.php
Context: 

2022-07-28 03:21:10
=====

=====
Level: INFO
Message: start index.php
Context: 

2022-07-28 03:21:12
=====

=====
Level: INFO
Message: start index.php
Context: 

2022-07-28 03:21:14
=====

=====
Level: INFO
Message: start index.php
Context: 

2022-07-28 03:21:18
=====

=====
Level: INFO
Message: start index.php
Context: 

2022-07-28 03:21:19
=====

=====
Level: INFO
Message: start index.php
Context: 

2022-07-28 08:20:06
=====

=====
Level: INFO
Message: start index.php
Context: 

2022-07-28 08:20:07
=====

=====
Level: INFO
Message: start index.php
Context: 

2022-07-28 08:43:58
=====

=====
Level: INFO
Message: start index.php
Context: 

2022-07-28 08:44:12
=====

=====
Level: INFO
Message: start index.php
Context: 

2022-07-28 08:44:20
=====

=====
Level: INFO
Message: start index.php
Context: 

2022-07-28 08:45:56
=====

=====
Level: INFO
Message: start index.php
Context: 

2022-07-28 08:46:01
=====

=====
Level: INFO
Message: start index.php
Context: 

2022-07-28 08:46:03
=====

=====
Level: INFO
Message: start index.php
Context: 

2022-07-28 08:46:31
=====

=====
Level: INFO
Message: start index.php
Context: 

2022-07-28 08:46:33
=====

=====
Level: INFO
Message: start index.php
Context: 

2022-07-28 08:46:42
=====

=====
Level: INFO
Message: start index.php
Context: 

2022-07-28 08:47:11
=====

=====
Level: INFO
Message: start index.php
Context: 

2022-07-28 08:47:11
=====

=====
Level: INFO
Message: start index.php
Context: 

2022-07-28 08:47:29
=====

=====
Level: INFO
Message: start index.php
Context: 

2022-07-28 08:47:47
=====

=====
Level: INFO
Message: start index.php
Context: 

2022-07-28 08:49:46
=====

=====
Level: INFO
Message: start index.php
Context: 

2022-07-28 08:51:41
=====

=====
Level: INFO
Message: start index.php
Context: 

2022-07-28 08:52:06
=====

=====
Level: INFO
Message: start index.php
Context: 

2022-07-28 08:52:42
=====

=====
Level: INFO
Message: start index.php
Context: 

2022-07-28 08:52:54
=====

=====
Level: INFO
Message: start index.php
Context: 

2022-07-28 08:53:00
=====

=====
Level: INFO
Message: start index.php
Context: 

2022-07-28 08:54:08
=====

=====
Level: INFO
Message: start index.php
Context: 

2022-07-28 08:56:58
=====

=====
Level: INFO
Message: start index.php
Context: 

2022-07-28 08:57:04
=====

=====
Level: INFO
Message: start index.php
Context: 

2022-07-28 08:57:40
=====

=====
Level: INFO
Message: start index.php
Context: 

2022-07-28 08:57:47
=====

=====
Level: INFO
Message: start index.php
Context: 

2022-07-28 08:59:11
=====

=====
Level: INFO
Message: start index.php
Context: 

2022-07-28 08:59:22
=====

=====
Level: INFO
Message: start index.php
Context: 

2022-07-28 08:59:44
=====

=====
Level: INFO
Message: start index.php
Context: 

2022-07-28 09:01:49
=====

=====
Level: INFO
Message: start index.php
Context: 

2022-07-28 09:02:06
=====

=====
Level: INFO
Message: start index.php
Context: 

2022-07-28 09:02:49
=====

=====
Level: INFO
Message: start index.php
Context: 

2022-07-28 09:06:09
=====

=====
Level: INFO
Message: start index.php
Context: 

2022-07-28 09:06:16
=====

=====
Level: INFO
Message: start index.php
Context: 

2022-07-28 09:06:56
=====

=====
Level: INFO
Message: start index.php
Context: 

2022-07-28 09:13:15
=====

=====
Level: INFO
Message: start index.php
Context: 

2022-07-28 09:15:29
=====

=====
Level: INFO
Message: start index.php
Context: 

2022-07-28 09:15:55
=====

=====
Level: INFO
Message: start index.php
Context: 

2022-07-28 09:18:38
=====

=====
Level: INFO
Message: start index.php
Context: 

2022-07-28 09:18:54
=====

=====
Level: INFO
Message: start index.php
Context: 

2022-07-28 09:19:08
=====

=====
Level: INFO
Message: start index.php
Context: 

2022-07-28 09:19:14
=====

=====
Level: INFO
Message: start index.php
Context: 

2022-07-28 09:21:08
=====

=====
Level: INFO
Message: start index.php
Context: 

2022-07-28 09:21:18
=====

=====
Level: INFO
Message: start index.php
Context: 

2022-07-28 09:21:30
=====

=====
Level: INFO
Message: start index.php
Context: 

2022-07-28 09:24:31
=====

=====
Level: INFO
Message: start index.php
Context: 

2022-07-28 09:24:32
=====

=====
Level: INFO
Message: start index.php
Context: 

2022-07-28 09:25:09
=====

=====
Level: INFO
Message: start index.php
Context: 

2022-07-28 09:25:22
=====

=====
Level: INFO
Message: start index.php
Context: 

2022-07-28 09:25:23
=====

=====
Level: INFO
Message: start index.php
Context: 

2022-07-28 09:25:39
=====

=====
Level: INFO
Message: start index.php
Context: 

2022-07-28 09:25:48
=====

=====
Level: INFO
Message: start index.php
Context: 

2022-07-28 09:25:49
=====

=====
Level: INFO
Message: start index.php
Context: 

2022-07-28 09:25:49
=====

=====
Level: INFO
Message: start index.php
Context: 

2022-07-28 09:25:55
=====

=====
Level: INFO
Message: start index.php
Context: 

2022-07-28 09:26:57
=====

=====
Level: INFO
Message: start index.php
Context: 

2022-07-28 09:27:05
=====

=====
Level: INFO
Message: start index.php
Context: 

2022-07-28 09:27:39
=====

=====
Level: INFO
Message: start index.php
Context: 

2022-07-28 09:27:55
=====

=====
Level: INFO
Message: start index.php
Context: 

2022-07-28 09:28:10
=====

=====
Level: INFO
Message: start index.php
Context: 

2022-07-28 09:28:24
=====

=====
Level: INFO
Message: start index.php
Context: 

2022-07-28 09:28:32
=====

=====
Level: INFO
Message: start index.php
Context: 

2022-07-28 09:28:36
=====

=====
Level: INFO
Message: start index.php
Context: 

2022-07-28 09:28:41
=====

=====
Level: INFO
Message: start index.php
Context: 

2022-07-28 09:28:51
=====

=====
Level: INFO
Message: start index.php
Context: 

2022-07-28 09:29:15
=====

=====
Level: INFO
Message: start index.php
Context: 

2022-07-28 09:30:11
=====

=====
Level: INFO
Message: start index.php
Context: 

2022-07-28 09:30:33
=====

=====
Level: INFO
Message: start index.php
Context: 

2022-07-28 09:30:47
=====

=====
Level: INFO
Message: start index.php
Context: 

2022-07-28 09:42:00
=====

=====
Level: INFO
Message: start index.php
Context: 

2022-07-28 09:42:06
=====

=====
Level: INFO
Message: start index.php
Context: 

2022-07-28 09:42:08
=====

=====
Level: INFO
Message: start index.php
Context: 

2022-07-28 09:42:11
=====

=====
Level: INFO
Message: start index.php
Context: 

2022-07-28 09:42:27
=====

=====
Level: INFO
Message: start index.php
Context: 

2022-07-28 09:42:37
=====

=====
Level: INFO
Message: start index.php
Context: 

2022-07-28 09:42:37
=====

=====
Level: INFO
Message: start index.php
Context: 

2022-07-28 09:43:16
=====

=====
Level: INFO
Message: start index.php
Context: 

2022-07-28 09:43:50
=====

=====
Level: INFO
Message: start index.php
Context: 

2022-07-28 09:46:48
=====

=====
Level: INFO
Message: start index.php
Context: 

2022-07-28 09:47:07
=====

=====
Level: INFO
Message: start index.php
Context: 

2022-07-28 09:47:29
=====

=====
Level: INFO
Message: start index.php
Context: 

2022-07-28 09:47:33
=====

=====
Level: INFO
Message: start index.php
Context: 

2022-07-28 09:47:39
=====

=====
Level: INFO
Message: start index.php
Context: 

2022-07-28 09:50:58
=====

=====
Level: INFO
Message: start index.php
Context: 

2022-07-28 09:51:12
=====

=====
Level: INFO
Message: start index.php
Context: 

2022-07-28 09:51:24
=====

=====
Level: INFO
Message: start index.php
Context: 

2022-07-28 09:51:28
=====

=====
Level: INFO
Message: start index.php
Context: 

2022-07-28 09:51:28
=====

=====
Level: INFO
Message: start index.php
Context: 

2022-07-28 09:51:36
=====

=====
Level: INFO
Message: start index.php
Context: 

2022-07-28 09:51:46
=====

=====
Level: INFO
Message: start index.php
Context: 

2022-07-28 09:53:09
=====

=====
Level: INFO
Message: start index.php
Context: 

2022-07-28 09:53:39
=====

=====
Level: INFO
Message: start index.php
Context: 

2022-07-28 09:53:54
=====

=====
Level: INFO
Message: start index.php
Context: 

2022-07-28 09:54:31
=====

=====
Level: INFO
Message: start index.php
Context: 

2022-07-28 09:54:53
=====

=====
Level: INFO
Message: start index.php
Context: 

2022-07-28 10:03:57
=====

=====
Level: INFO
Message: start index.php
Context: 

2022-07-28 10:04:05
=====

=====
Level: INFO
Message: start index.php
Context: 

2022-07-28 10:04:35
=====

=====
Level: INFO
Message: start index.php
Context: 

2022-07-28 10:05:26
=====

=====
Level: INFO
Message: start index.php
Context: 

2022-07-28 10:06:01
=====

=====
Level: INFO
Message: start index.php
Context: 

2022-07-28 10:27:10
=====

=====
Level: INFO
Message: start index.php
Context: 

2022-07-28 10:27:10
=====

=====
Level: INFO
Message: start index.php
Context: 

2022-07-28 10:27:16
=====

=====
Level: INFO
Message: start index.php
Context: 

2022-07-28 10:27:19
=====

=====
Level: INFO
Message: start index.php
Context: 

2022-07-28 10:27:20
=====

=====
Level: INFO
Message: start index.php
Context: 

2022-07-28 10:27:29
=====

=====
Level: INFO
Message: start index.php
Context: 

2022-07-28 10:27:30
=====

=====
Level: INFO
Message: start index.php
Context: 

2022-07-28 10:27:41
=====

=====
Level: INFO
Message: start index.php
Context: 

2022-07-28 10:27:43
=====

=====
Level: INFO
Message: start index.php
Context: 

2022-07-28 10:28:18
=====

=====
Level: INFO
Message: start index.php
Context: 

2022-07-28 10:29:07
=====

=====
Level: INFO
Message: start index.php
Context: 

2022-07-28 10:29:07
=====

=====
Level: INFO
Message: start index.php
Context: 

2022-07-28 10:29:13
=====

=====
Level: INFO
Message: start index.php
Context: 

2022-07-28 10:30:17
=====

=====
Level: INFO
Message: start index.php
Context: 

2022-07-28 10:30:36
=====

=====
Level: INFO
Message: start index.php
Context: 

2022-07-28 10:30:36
=====

=====
Level: INFO
Message: start index.php
Context: 

2022-07-28 10:30:52
=====

=====
Level: INFO
Message: start index.php
Context: 

2022-07-28 10:31:07
=====

=====
Level: INFO
Message: start index.php
Context: 

2022-07-28 10:31:45
=====

=====
Level: INFO
Message: start index.php
Context: 

2022-07-28 10:32:06
=====

=====
Level: INFO
Message: start index.php
Context: 

2022-07-28 10:32:06
=====

=====
Level: INFO
Message: start index.php
Context: 

2022-07-28 10:32:17
=====

=====
Level: INFO
Message: start index.php
Context: 

2022-07-28 10:32:17
=====

=====
Level: INFO
Message: start index.php
Context: 

2022-07-28 10:32:22
=====

=====
Level: INFO
Message: start index.php
Context: 

2022-07-28 10:32:22
=====

=====
Level: INFO
Message: start index.php
Context: 

2022-07-28 10:32:35
=====

=====
Level: INFO
Message: start index.php
Context: 

2022-07-28 10:32:35
=====

=====
Level: INFO
Message: start index.php
Context: 

2022-07-28 10:32:39
=====

=====
Level: INFO
Message: start index.php
Context: 

2022-07-28 10:32:45
=====

=====
Level: INFO
Message: start index.php
Context: 

2022-07-28 10:33:03
=====

=====
Level: INFO
Message: start index.php
Context: 

2022-07-28 10:33:17
=====

=====
Level: INFO
Message: start index.php
Context: 

2022-07-28 10:33:28
=====

=====
Level: INFO
Message: start index.php
Context: 

2022-07-28 10:33:33
=====

=====
Level: INFO
Message: start index.php
Context: 

2022-07-28 10:33:41
=====

=====
Level: INFO
Message: start index.php
Context: 

2022-07-28 10:33:48
=====

=====
Level: INFO
Message: start index.php
Context: 

2022-07-28 10:34:13
=====

=====
Level: INFO
Message: start index.php
Context: 

2022-07-28 10:34:31
=====

=====
Level: INFO
Message: start index.php
Context: 

2022-07-28 10:35:27
=====

=====
Level: INFO
Message: start index.php
Context: 

2022-07-28 10:35:41
=====

=====
Level: INFO
Message: start index.php
Context: 

2022-07-28 10:35:53
=====

=====
Level: INFO
Message: start index.php
Context: 

2022-07-28 10:35:55
=====

=====
Level: INFO
Message: start index.php
Context: 

2022-07-28 10:35:59
=====

=====
Level: INFO
Message: start index.php
Context: 

2022-07-28 10:36:43
=====

=====
Level: INFO
Message: start index.php
Context: 

2022-07-28 10:36:55
=====

=====
Level: INFO
Message: start index.php
Context: 

2022-07-28 10:37:22
=====

=====
Level: INFO
Message: start index.php
Context: 

2022-07-28 10:37:36
=====

=====
Level: INFO
Message: start index.php
Context: 

2022-07-28 10:37:39
=====

=====
Level: INFO
Message: start index.php
Context: 

2022-07-28 10:37:39
=====

=====
Level: INFO
Message: start index.php
Context: 

2022-07-28 10:38:14
=====

=====
Level: INFO
Message: start index.php
Context: 

2022-07-28 10:38:16
=====

=====
Level: INFO
Message: start index.php
Context: 

2022-07-28 10:38:17
=====

=====
Level: INFO
Message: start index.php
Context: 

2022-07-28 10:38:18
=====

=====
Level: INFO
Message: start index.php
Context: 

2022-07-28 10:38:19
=====

=====
Level: INFO
Message: start index.php
Context: 

2022-07-28 10:38:19
=====

=====
Level: INFO
Message: start index.php
Context: 

2022-07-28 10:38:20
=====

=====
Level: INFO
Message: start index.php
Context: 

2022-07-28 10:38:20
=====

=====
Level: INFO
Message: start index.php
Context: 

2022-07-28 10:38:44
=====

=====
Level: INFO
Message: start index.php
Context: 

2022-07-28 10:39:07
=====

=====
Level: INFO
Message: start index.php
Context: 

2022-07-28 10:39:07
=====

=====
Level: INFO
Message: start index.php
Context: 

2022-07-28 10:39:37
=====

=====
Level: INFO
Message: start index.php
Context: 

2022-07-28 10:39:37
=====

=====
Level: INFO
Message: start index.php
Context: 

2022-07-28 10:39:45
=====

=====
Level: INFO
Message: start index.php
Context: 

2022-07-28 10:41:12
=====

=====
Level: INFO
Message: start index.php
Context: 

2022-07-28 10:42:16
=====

=====
Level: INFO
Message: start index.php
Context: 

2022-07-28 10:42:18
=====

=====
Level: INFO
Message: start index.php
Context: 

2022-07-28 10:42:24
=====

=====
Level: INFO
Message: start index.php
Context: 

2022-07-28 10:42:38
=====

=====
Level: INFO
Message: start index.php
Context: 

2022-07-28 10:42:47
=====

=====
Level: INFO
Message: start index.php
Context: 

2022-07-28 10:43:20
=====

=====
Level: INFO
Message: start index.php
Context: 

2022-07-28 10:43:47
=====

=====
Level: INFO
Message: start index.php
Context: 

2022-07-28 10:43:48
=====

=====
Level: INFO
Message: start index.php
Context: 

2022-07-28 10:44:03
=====

=====
Level: INFO
Message: start index.php
Context: 

2022-07-28 10:44:16
=====

=====
Level: INFO
Message: start index.php
Context: 

2022-07-28 10:44:30
=====

=====
Level: INFO
Message: start index.php
Context: 

2022-07-28 10:45:47
=====

=====
Level: INFO
Message: start index.php
Context: 

2022-07-28 10:46:03
=====

=====
Level: INFO
Message: start index.php
Context: 

2022-07-28 10:46:04
=====

=====
Level: INFO
Message: start index.php
Context: 

2022-07-28 10:46:07
=====

=====
Level: INFO
Message: start index.php
Context: 

2022-07-28 10:46:08
=====

=====
Level: INFO
Message: start index.php
Context: 

2022-07-28 10:46:15
=====

=====
Level: INFO
Message: start index.php
Context: 

2022-07-28 10:46:15
=====

=====
Level: INFO
Message: start index.php
Context: 

2022-07-28 10:46:19
=====

=====
Level: INFO
Message: start index.php
Context: 

2022-07-28 10:46:22
=====

=====
Level: INFO
Message: start index.php
Context: 

2022-07-28 10:46:22
=====

=====
Level: INFO
Message: start index.php
Context: 

2022-07-28 10:46:31
=====

=====
Level: INFO
Message: start index.php
Context: 

2022-07-28 10:46:32
=====

=====
Level: INFO
Message: start index.php
Context: 

2022-07-28 10:46:32
=====

=====
Level: INFO
Message: start index.php
Context: 

2022-07-28 10:46:33
=====

=====
Level: INFO
Message: start index.php
Context: 

2022-07-28 10:46:33
=====

=====
Level: INFO
Message: start index.php
Context: 

2022-07-28 10:46:34
=====

=====
Level: INFO
Message: start index.php
Context: 

2022-07-28 10:46:44
=====

=====
Level: INFO
Message: start index.php
Context: 

2022-07-28 10:47:02
=====

=====
Level: INFO
Message: start index.php
Context: 

2022-07-28 10:47:09
=====

=====
Level: INFO
Message: start index.php
Context: 

2022-07-28 10:47:10
=====

=====
Level: INFO
Message: start index.php
Context: 

2022-07-28 10:47:11
=====

=====
Level: INFO
Message: start index.php
Context: 

2022-07-28 10:47:22
=====

=====
Level: INFO
Message: start index.php
Context: 

2022-07-28 10:48:04
=====

=====
Level: INFO
Message: start index.php
Context: 

2022-07-28 10:48:23
=====

=====
Level: INFO
Message: start index.php
Context: 

2022-07-28 10:49:28
=====

=====
Level: INFO
Message: start index.php
Context: 

2022-07-28 10:49:44
=====

=====
Level: INFO
Message: start index.php
Context: 

2022-07-28 10:49:57
=====

=====
Level: INFO
Message: start index.php
Context: 

2022-07-28 10:49:58
=====

=====
Level: INFO
Message: start index.php
Context: 

2022-07-28 10:50:03
=====

=====
Level: INFO
Message: start index.php
Context: 

2022-07-28 10:50:22
=====

=====
Level: INFO
Message: start index.php
Context: 

2022-07-28 10:50:34
=====

=====
Level: INFO
Message: start index.php
Context: 

2022-07-28 10:50:54
=====

=====
Level: INFO
Message: start index.php
Context: 

2022-07-28 10:51:15
=====

=====
Level: INFO
Message: start index.php
Context: 

2022-07-28 10:53:30
=====

=====
Level: INFO
Message: start index.php
Context: 

2022-07-28 10:53:55
=====

=====
Level: INFO
Message: start index.php
Context: 

2022-07-28 10:54:04
=====

=====
Level: INFO
Message: start index.php
Context: 

2022-07-28 10:54:53
=====

=====
Level: INFO
Message: start index.php
Context: 

2022-07-28 10:54:58
=====

=====
Level: INFO
Message: start index.php
Context: 

2022-07-28 10:55:29
=====

=====
Level: INFO
Message: start index.php
Context: 

2022-07-28 10:56:17
=====

=====
Level: INFO
Message: start index.php
Context: 

2022-07-28 10:56:44
=====

=====
Level: INFO
Message: start index.php
Context: 

2022-07-28 10:57:28
=====

=====
Level: INFO
Message: start index.php
Context: 

2022-07-28 10:58:02
=====

=====
Level: INFO
Message: start index.php
Context: 

2022-07-28 10:58:14
=====

=====
Level: INFO
Message: start index.php
Context: 

2022-07-28 10:58:22
=====

=====
Level: INFO
Message: start index.php
Context: 

2022-07-28 10:58:36
=====

=====
Level: INFO
Message: start index.php
Context: 

2022-07-28 10:59:43
=====

=====
Level: INFO
Message: start index.php
Context: 

2022-07-28 11:00:33
=====

=====
Level: INFO
Message: start index.php
Context: 

2022-07-28 11:01:23
=====

=====
Level: INFO
Message: start index.php
Context: 

2022-07-28 11:01:54
=====

=====
Level: INFO
Message: start index.php
Context: 

2022-07-28 11:02:14
=====

=====
Level: INFO
Message: start index.php
Context: 

2022-07-28 11:02:29
=====

=====
Level: INFO
Message: start index.php
Context: 

2022-07-28 11:02:41
=====

=====
Level: INFO
Message: start index.php
Context: 

2022-07-28 11:03:10
=====

=====
Level: INFO
Message: start index.php
Context: 

2022-07-28 11:03:27
=====

=====
Level: INFO
Message: start index.php
Context: 

2022-07-28 11:04:12
=====

=====
Level: INFO
Message: start index.php
Context: 

2022-07-28 11:04:30
=====

=====
Level: INFO
Message: start index.php
Context: 

2022-07-28 11:04:32
=====

=====
Level: INFO
Message: start index.php
Context: 

2022-07-28 11:04:52
=====

=====
Level: INFO
Message: start index.php
Context: 

2022-07-28 11:06:01
=====

=====
Level: INFO
Message: start index.php
Context: 

2022-07-28 11:06:22
=====

=====
Level: INFO
Message: start index.php
Context: 

2022-07-28 11:07:51
=====

=====
Level: INFO
Message: start index.php
Context: 

2022-07-28 11:07:51
=====

=====
Level: INFO
Message: start index.php
Context: 

2022-07-28 11:08:02
=====

=====
Level: INFO
Message: start index.php
Context: 

2022-07-28 11:09:20
=====

=====
Level: INFO
Message: start index.php
Context: 

2022-07-28 11:09:24
=====

=====
Level: INFO
Message: start index.php
Context: 

2022-07-28 11:09:35
=====

=====
Level: INFO
Message: start index.php
Context: 

2022-07-28 11:10:05
=====

=====
Level: INFO
Message: start index.php
Context: 

2022-07-28 11:10:05
=====

=====
Level: INFO
Message: start index.php
Context: 

2022-07-28 11:10:05
=====

=====
Level: INFO
Message: start index.php
Context: 

2022-07-28 11:10:09
=====

=====
Level: INFO
Message: start index.php
Context: 

2022-07-28 11:10:09
=====

=====
Level: INFO
Message: start index.php
Context: 

2022-07-28 11:10:10
=====

=====
Level: INFO
Message: start index.php
Context: 

2022-07-28 11:10:15
=====

=====
Level: INFO
Message: start index.php
Context: 

2022-07-28 11:10:19
=====

=====
Level: INFO
Message: start index.php
Context: 

2022-07-28 11:10:19
=====

=====
Level: INFO
Message: start index.php
Context: 

2022-07-28 11:10:19
=====

=====
Level: INFO
Message: start index.php
Context: 

2022-07-28 11:10:25
=====

=====
Level: INFO
Message: start index.php
Context: 

2022-07-28 11:10:25
=====

=====
Level: INFO
Message: start index.php
Context: 

2022-07-28 11:10:25
=====

=====
Level: INFO
Message: start index.php
Context: 

2022-07-28 11:10:26
=====

=====
Level: INFO
Message: start index.php
Context: 

2022-07-28 11:10:27
=====

=====
Level: INFO
Message: start index.php
Context: 

2022-07-28 11:10:27
=====

=====
Level: INFO
Message: start index.php
Context: 

2022-07-28 11:10:35
=====

=====
Level: INFO
Message: start index.php
Context: 

2022-07-28 11:10:35
=====

=====
Level: INFO
Message: start index.php
Context: 

2022-07-28 11:11:07
=====

=====
Level: INFO
Message: start index.php
Context: 

2022-07-28 11:11:58
=====

=====
Level: INFO
Message: start index.php
Context: 

2022-07-28 11:12:05
=====

=====
Level: INFO
Message: start index.php
Context: 

2022-07-28 11:12:05
=====

=====
Level: INFO
Message: start index.php
Context: 

2022-07-28 11:12:06
=====

=====
Level: INFO
Message: start index.php
Context: 

2022-07-28 11:12:27
=====

=====
Level: INFO
Message: start index.php
Context: 

2022-07-28 11:13:07
=====

=====
Level: INFO
Message: start index.php
Context: 

2022-07-28 11:13:09
=====

=====
Level: INFO
Message: start index.php
Context: 

2022-07-28 11:13:11
=====

=====
Level: INFO
Message: start index.php
Context: 

2022-07-28 11:13:11
=====

=====
Level: INFO
Message: start index.php
Context: 

2022-07-28 11:13:11
=====

=====
Level: INFO
Message: start index.php
Context: 

2022-07-28 11:13:46
=====

=====
Level: INFO
Message: start index.php
Context: 

2022-07-28 11:13:52
=====

=====
Level: INFO
Message: start index.php
Context: 

2022-07-28 11:13:54
=====

=====
Level: INFO
Message: start index.php
Context: 

2022-07-28 11:13:55
=====

=====
Level: INFO
Message: start index.php
Context: 

2022-07-28 11:13:58
=====

=====
Level: INFO
Message: start index.php
Context: 

2022-07-28 11:14:08
=====

=====
Level: INFO
Message: start index.php
Context: 

2022-07-28 11:14:10
=====

=====
Level: INFO
Message: start index.php
Context: 

2022-07-28 11:14:11
=====

=====
Level: INFO
Message: start index.php
Context: 

2022-07-28 11:14:19
=====

=====
Level: INFO
Message: start index.php
Context: 

2022-07-28 11:14:26
=====

=====
Level: INFO
Message: start index.php
Context: 

2022-07-28 11:15:16
=====

=====
Level: INFO
Message: start index.php
Context: 

2022-07-28 11:15:17
=====

=====
Level: INFO
Message: start index.php
Context: 

2022-07-28 11:15:18
=====

=====
Level: INFO
Message: start index.php
Context: 

2022-07-28 11:15:42
=====

=====
Level: INFO
Message: start index.php
Context: 

2022-07-28 11:15:44
=====

=====
Level: INFO
Message: start index.php
Context: 

2022-07-28 11:15:44
=====

=====
Level: INFO
Message: start index.php
Context: 

2022-07-28 11:15:58
=====

=====
Level: INFO
Message: start index.php
Context: 

2022-07-28 11:16:22
=====

=====
Level: INFO
Message: start index.php
Context: 

2022-07-28 11:17:05
=====

=====
Level: INFO
Message: start index.php
Context: 

2022-07-28 11:17:06
=====

=====
Level: INFO
Message: start index.php
Context: 

2022-07-28 11:17:17
=====

=====
Level: INFO
Message: start index.php
Context: 

2022-07-28 11:17:17
=====

=====
Level: INFO
Message: start index.php
Context: 

2022-07-28 11:18:07
=====

=====
Level: INFO
Message: start index.php
Context: 

2022-07-28 11:18:12
=====

=====
Level: INFO
Message: start index.php
Context: 

2022-07-28 11:18:26
=====

=====
Level: INFO
Message: start index.php
Context: 

2022-07-28 11:18:48
=====

=====
Level: INFO
Message: start index.php
Context: 

2022-07-28 11:18:53
=====

=====
Level: INFO
Message: start index.php
Context: 

2022-07-28 11:19:03
=====

=====
Level: INFO
Message: start index.php
Context: 

2022-07-28 11:19:14
=====

=====
Level: INFO
Message: start index.php
Context: 

2022-07-28 11:20:27
=====

=====
Level: INFO
Message: start index.php
Context: 

2022-07-28 11:20:45
=====

=====
Level: INFO
Message: start index.php
Context: 

2022-07-28 11:21:03
=====

=====
Level: INFO
Message: start index.php
Context: 

2022-07-28 11:21:16
=====

=====
Level: INFO
Message: start index.php
Context: 

2022-07-28 11:21:26
=====

=====
Level: INFO
Message: start index.php
Context: 

2022-07-28 11:21:34
=====

=====
Level: INFO
Message: start index.php
Context: 

2022-07-28 11:22:34
=====

=====
Level: INFO
Message: start index.php
Context: 

2022-07-28 11:23:04
=====

=====
Level: INFO
Message: start index.php
Context: 

2022-07-28 11:23:10
=====

=====
Level: INFO
Message: start index.php
Context: 

2022-07-28 11:24:27
=====

=====
Level: INFO
Message: start index.php
Context: 

2022-07-28 11:24:28
=====

=====
Level: INFO
Message: start index.php
Context: 

2022-07-28 11:24:49
=====

=====
Level: INFO
Message: start index.php
Context: 

2022-07-28 11:25:15
=====

=====
Level: INFO
Message: start index.php
Context: 

2022-07-28 11:25:23
=====

=====
Level: INFO
Message: start index.php
Context: 

2022-07-28 11:25:38
=====

=====
Level: INFO
Message: start index.php
Context: 

2022-07-28 11:26:34
=====

=====
Level: INFO
Message: start index.php
Context: 

2022-07-28 11:28:25
=====

=====
Level: INFO
Message: start index.php
Context: 

2022-07-28 11:29:15
=====

=====
Level: INFO
Message: start index.php
Context: 

2022-07-28 11:29:16
=====

=====
Level: INFO
Message: start index.php
Context: 

2022-07-28 11:29:16
=====

=====
Level: INFO
Message: start index.php
Context: 

2022-07-28 11:29:30
=====

=====
Level: INFO
Message: start index.php
Context: 

2022-07-28 11:29:30
=====

=====
Level: INFO
Message: start index.php
Context: 

2022-07-28 11:31:33
=====

=====
Level: INFO
Message: start index.php
Context: 

2022-07-28 11:31:58
=====

=====
Level: INFO
Message: start index.php
Context: 

2022-07-28 11:31:59
=====

=====
Level: INFO
Message: start index.php
Context: 

2022-07-28 11:32:00
=====

=====
Level: INFO
Message: start index.php
Context: 

2022-07-28 11:32:01
=====

=====
Level: INFO
Message: start index.php
Context: 

2022-07-28 11:32:04
=====

=====
Level: INFO
Message: start index.php
Context: 

2022-07-28 11:32:04
=====

=====
Level: INFO
Message: start index.php
Context: 

2022-07-28 11:32:14
=====

=====
Level: INFO
Message: start index.php
Context: 

2022-07-28 11:32:15
=====

=====
Level: INFO
Message: start index.php
Context: 

2022-07-28 11:32:25
=====

=====
Level: INFO
Message: start index.php
Context: 

2022-07-28 11:32:41
=====

=====
Level: INFO
Message: start index.php
Context: 

2022-07-28 11:32:56
=====

=====
Level: INFO
Message: start index.php
Context: 

2022-07-28 11:32:56
=====

=====
Level: INFO
Message: start index.php
Context: 

2022-07-28 11:32:59
=====

=====
Level: INFO
Message: start index.php
Context: 

2022-07-28 11:33:00
=====

=====
Level: INFO
Message: start index.php
Context: 

2022-07-28 11:33:32
=====

=====
Level: INFO
Message: start index.php
Context: 

2022-07-28 11:33:33
=====

=====
Level: INFO
Message: start index.php
Context: 

2022-07-28 11:33:51
=====

=====
Level: INFO
Message: start index.php
Context: 

2022-07-28 11:34:07
=====

=====
Level: INFO
Message: start index.php
Context: 

2022-07-28 11:43:12
=====

=====
Level: INFO
Message: start index.php
Context: 

2022-07-28 11:44:18
=====

=====
Level: INFO
Message: start index.php
Context: 

2022-07-28 11:44:48
=====

=====
Level: INFO
Message: start index.php
Context: 

2022-07-28 11:45:02
=====

=====
Level: INFO
Message: start index.php
Context: 

2022-07-28 11:45:30
=====

=====
Level: INFO
Message: start index.php
Context: 

2022-07-28 11:45:33
=====

=====
Level: INFO
Message: start index.php
Context: 

2022-07-28 11:45:34
=====

=====
Level: INFO
Message: start index.php
Context: 

2022-07-28 11:45:35
=====

=====
Level: INFO
Message: start index.php
Context: 

2022-07-28 11:45:37
=====

=====
Level: INFO
Message: start index.php
Context: 

2022-07-28 11:45:43
=====

=====
Level: INFO
Message: start index.php
Context: 

2022-07-28 11:46:36
=====

=====
Level: INFO
Message: start index.php
Context: 

2022-07-28 11:46:36
=====

=====
Level: INFO
Message: start index.php
Context: 

2022-07-28 11:46:51
=====

=====
Level: INFO
Message: start index.php
Context: 

2022-07-28 11:46:52
=====

=====
Level: INFO
Message: start index.php
Context: 

2022-07-28 11:47:13
=====

=====
Level: INFO
Message: start index.php
Context: 

2022-07-28 11:47:14
=====

=====
Level: INFO
Message: start index.php
Context: 

2022-07-28 11:47:15
=====

=====
Level: INFO
Message: start index.php
Context: 

2022-07-28 11:47:16
=====

=====
Level: INFO
Message: start index.php
Context: 

2022-07-28 11:47:16
=====

=====
Level: INFO
Message: start index.php
Context: 

2022-07-28 11:47:20
=====

=====
Level: INFO
Message: start index.php
Context: 

2022-07-28 11:47:21
=====

=====
Level: INFO
Message: start index.php
Context: 

2022-07-28 11:47:22
=====

=====
Level: INFO
Message: start index.php
Context: 

2022-07-28 11:47:25
=====

=====
Level: INFO
Message: start index.php
Context: 

2022-07-28 11:47:25
=====

=====
Level: INFO
Message: start index.php
Context: 

2022-07-28 11:48:12
=====

=====
Level: INFO
Message: start index.php
Context: 

2022-07-28 11:48:14
=====

=====
Level: INFO
Message: start index.php
Context: 

2022-07-28 11:48:17
=====

=====
Level: INFO
Message: start index.php
Context: 

2022-07-28 11:48:17
=====

=====
Level: INFO
Message: start index.php
Context: 

2022-07-28 11:48:18
=====

=====
Level: INFO
Message: start index.php
Context: 

2022-07-28 11:48:18
=====

=====
Level: INFO
Message: start index.php
Context: 

2022-07-28 11:48:31
=====

=====
Level: INFO
Message: start index.php
Context: 

2022-07-28 11:48:31
=====

=====
Level: INFO
Message: start index.php
Context: 

2022-07-28 11:48:36
=====

=====
Level: INFO
Message: start index.php
Context: 

2022-07-28 11:48:37
=====

=====
Level: INFO
Message: start index.php
Context: 

2022-07-28 11:48:37
=====

=====
Level: INFO
Message: start index.php
Context: 

2022-07-28 11:48:42
=====

=====
Level: INFO
Message: start index.php
Context: 

2022-07-28 11:48:42
=====

=====
Level: INFO
Message: start index.php
Context: 

2022-07-28 11:48:48
=====

=====
Level: INFO
Message: start index.php
Context: 

2022-07-28 11:48:48
=====

=====
Level: INFO
Message: start index.php
Context: 

2022-07-28 11:48:48
=====

=====
Level: INFO
Message: start index.php
Context: 

2022-07-28 11:48:49
=====

=====
Level: INFO
Message: start index.php
Context: 

2022-07-28 11:48:49
=====

=====
Level: INFO
Message: start index.php
Context: 

2022-07-28 11:48:50
=====

=====
Level: INFO
Message: start index.php
Context: 

2022-07-28 11:49:01
=====

=====
Level: INFO
Message: start index.php
Context: 

2022-07-28 11:49:02
=====

=====
Level: INFO
Message: start index.php
Context: 

2022-07-28 11:49:02
=====

=====
Level: INFO
Message: start index.php
Context: 

2022-07-28 11:49:05
=====

=====
Level: INFO
Message: start index.php
Context: 

2022-07-28 11:49:07
=====

=====
Level: INFO
Message: start index.php
Context: 

2022-07-28 11:49:07
=====

=====
Level: INFO
Message: start index.php
Context: 

2022-07-28 11:50:29
=====

=====
Level: INFO
Message: start index.php
Context: 

2022-07-28 11:50:29
=====

=====
Level: INFO
Message: start index.php
Context: 

2022-07-28 11:50:32
=====

=====
Level: INFO
Message: start index.php
Context: 

2022-07-28 11:50:33
=====

=====
Level: INFO
Message: start index.php
Context: 

2022-07-28 11:50:50
=====

=====
Level: INFO
Message: start index.php
Context: 

2022-07-28 11:51:11
=====

=====
Level: INFO
Message: start index.php
Context: 

2022-07-28 11:51:19
=====

=====
Level: INFO
Message: start index.php
Context: 

2022-07-28 11:51:20
=====

=====
Level: INFO
Message: start index.php
Context: 

2022-07-28 11:51:20
=====

=====
Level: INFO
Message: start index.php
Context: 

2022-07-28 11:56:38
=====

=====
Level: INFO
Message: start index.php
Context: 

2022-07-28 11:56:39
=====

=====
Level: INFO
Message: start index.php
Context: 

2022-07-28 11:56:50
=====

=====
Level: INFO
Message: start index.php
Context: 

2022-07-28 11:56:50
=====

=====
Level: INFO
Message: start index.php
Context: 

2022-07-28 11:56:51
=====

=====
Level: INFO
Message: start index.php
Context: 

2022-07-28 11:56:53
=====

=====
Level: INFO
Message: start index.php
Context: 

2022-07-28 11:56:54
=====

=====
Level: INFO
Message: start index.php
Context: 

2022-07-28 11:57:34
=====

=====
Level: INFO
Message: start index.php
Context: 

2022-07-28 11:57:35
=====

=====
Level: INFO
Message: start index.php
Context: 

2022-07-28 11:57:35
=====

=====
Level: INFO
Message: start index.php
Context: 

2022-07-28 11:57:42
=====

=====
Level: INFO
Message: start index.php
Context: 

2022-07-28 11:57:42
=====

=====
Level: INFO
Message: start index.php
Context: 

2022-07-28 11:58:01
=====

=====
Level: INFO
Message: start index.php
Context: 

2022-07-28 11:58:08
=====

=====
Level: INFO
Message: start index.php
Context: 

2022-07-28 11:58:09
=====

=====
Level: INFO
Message: start index.php
Context: 

2022-07-29 12:01:44
=====

=====
Level: INFO
Message: start index.php
Context: 

2022-07-29 12:01:44
=====

=====
Level: INFO
Message: start index.php
Context: 

2022-07-29 12:01:45
=====

=====
Level: INFO
Message: start index.php
Context: 

2022-07-29 12:02:14
=====

=====
Level: INFO
Message: start index.php
Context: 

2022-07-29 12:02:14
=====

=====
Level: INFO
Message: start index.php
Context: 

2022-07-29 12:02:15
=====

=====
Level: INFO
Message: start index.php
Context: 

2022-07-29 12:02:15
=====

=====
Level: INFO
Message: start index.php
Context: 

2022-07-29 12:03:24
=====

=====
Level: INFO
Message: start index.php
Context: 

2022-07-29 12:03:24
=====

=====
Level: INFO
Message: start index.php
Context: 

2022-07-29 12:03:25
=====

=====
Level: INFO
Message: start index.php
Context: 

2022-07-29 12:03:29
=====

=====
Level: INFO
Message: start index.php
Context: 

2022-07-29 12:03:29
=====

=====
Level: INFO
Message: start index.php
Context: 

2022-07-29 12:03:29
=====

=====
Level: INFO
Message: start index.php
Context: 

2022-07-29 12:03:31
=====

=====
Level: INFO
Message: start index.php
Context: 

2022-07-29 12:03:49
=====

=====
Level: INFO
Message: start index.php
Context: 

2022-07-29 12:03:50
=====

=====
Level: INFO
Message: start index.php
Context: 

2022-07-29 12:04:25
=====

=====
Level: INFO
Message: start index.php
Context: 

2022-07-29 12:04:26
=====

=====
Level: INFO
Message: start index.php
Context: 

2022-07-29 12:04:26
=====

=====
Level: INFO
Message: start index.php
Context: 

2022-07-29 12:04:27
=====

=====
Level: INFO
Message: start index.php
Context: 

2022-07-29 12:04:44
=====

=====
Level: INFO
Message: start index.php
Context: 

2022-07-29 12:04:44
=====

=====
Level: INFO
Message: start index.php
Context: 

2022-07-29 12:26:56
=====

=====
Level: INFO
Message: start index.php
Context: 

2022-07-29 12:27:01
=====

=====
Level: INFO
Message: start index.php
Context: 

2022-07-29 12:45:46
=====

=====
Level: INFO
Message: start index.php
Context: 

2022-07-29 12:45:46
=====

=====
Level: INFO
Message: start index.php
Context: 

2022-07-29 12:45:51
=====

=====
Level: INFO
Message: start index.php
Context: 

2022-07-29 12:45:52
=====

=====
Level: INFO
Message: start index.php
Context: 

2022-07-29 12:45:52
=====

=====
Level: INFO
Message: start index.php
Context: 

2022-07-29 12:45:52
=====

=====
Level: INFO
Message: start index.php
Context: 

2022-07-29 12:45:54
=====

=====
Level: INFO
Message: start index.php
Context: 

2022-07-29 12:46:38
=====

=====
Level: INFO
Message: start index.php
Context: 

2022-07-29 12:46:38
=====

=====
Level: INFO
Message: start index.php
Context: 

2022-07-29 12:46:38
=====

=====
Level: INFO
Message: start index.php
Context: 

2022-07-29 12:47:35
=====

=====
Level: INFO
Message: start index.php
Context: 

2022-07-29 12:47:36
=====

=====
Level: INFO
Message: start index.php
Context: 

2022-07-29 12:47:36
=====

=====
Level: INFO
Message: start index.php
Context: 

2022-07-29 12:48:20
=====

=====
Level: INFO
Message: start index.php
Context: 

2022-07-29 12:48:20
=====

=====
Level: INFO
Message: start index.php
Context: 

2022-07-29 12:48:21
=====

=====
Level: INFO
Message: start index.php
Context: 

2022-07-29 12:48:35
=====

=====
Level: INFO
Message: start index.php
Context: 

2022-07-29 12:48:36
=====

=====
Level: INFO
Message: start index.php
Context: 

2022-07-29 12:48:37
=====

=====
Level: INFO
Message: start index.php
Context: 

2022-07-29 12:49:12
=====

=====
Level: INFO
Message: start index.php
Context: 

2022-07-29 12:49:12
=====

=====
Level: INFO
Message: start index.php
Context: 

2022-07-29 12:49:13
=====

=====
Level: INFO
Message: start index.php
Context: 

2022-07-29 12:49:25
=====

=====
Level: INFO
Message: start index.php
Context: 

2022-07-29 12:49:25
=====

=====
Level: INFO
Message: start index.php
Context: 

2022-07-29 12:49:25
=====

=====
Level: INFO
Message: start index.php
Context: 

2022-07-29 12:51:14
=====

=====
Level: INFO
Message: start index.php
Context: 

2022-07-29 12:51:14
=====

=====
Level: INFO
Message: start index.php
Context: 

2022-07-29 12:51:14
=====

=====
Level: INFO
Message: start index.php
Context: 

2022-07-29 12:51:34
=====

=====
Level: INFO
Message: start index.php
Context: 

2022-07-29 12:51:35
=====

=====
Level: INFO
Message: start index.php
Context: 

2022-07-29 12:51:35
=====

=====
Level: INFO
Message: start index.php
Context: 

2022-07-29 12:51:38
=====

=====
Level: INFO
Message: start index.php
Context: 

2022-07-29 12:51:49
=====

=====
Level: INFO
Message: start index.php
Context: 

2022-07-29 12:52:07
=====

=====
Level: INFO
Message: start index.php
Context: 

2022-07-29 12:52:08
=====

=====
Level: INFO
Message: start index.php
Context: 

2022-07-29 12:52:08
=====

=====
Level: INFO
Message: start index.php
Context: 

2022-07-29 12:52:09
=====

=====
Level: INFO
Message: start index.php
Context: 

2022-07-29 12:52:35
=====

=====
Level: INFO
Message: start index.php
Context: 

2022-07-29 12:52:36
=====

=====
Level: INFO
Message: start index.php
Context: 

2022-07-29 12:52:44
=====

=====
Level: INFO
Message: start index.php
Context: 

2022-07-29 12:52:45
=====

=====
Level: INFO
Message: start index.php
Context: 

2022-07-29 12:52:45
=====

=====
Level: INFO
Message: start index.php
Context: 

2022-07-29 12:52:46
=====

=====
Level: INFO
Message: start index.php
Context: 

2022-07-29 12:52:52
=====

=====
Level: INFO
Message: start index.php
Context: 

2022-07-29 12:52:52
=====

=====
Level: INFO
Message: start index.php
Context: 

2022-07-29 12:53:03
=====

=====
Level: INFO
Message: start index.php
Context: 

2022-07-29 12:53:04
=====

=====
Level: INFO
Message: start index.php
Context: 

2022-07-29 12:55:01
=====

=====
Level: INFO
Message: start index.php
Context: 

2022-07-29 12:55:23
=====

=====
Level: INFO
Message: start index.php
Context: 

2022-07-29 07:04:03
=====

